<?xml version="1.0" encoding="UTF-8"?>
<!-- Generated by org.testng.reporters.JUnitXMLReporter -->
<testsuite ignored="2" hostname="mahis-MacBook-Pro.local" failures="0" tests="18" name="DemoTests" time="64.542" errors="0" timestamp="2024-07-03T10:52:54 IST">
  <testcase classname="com.test.test_scenarios.TestScenario1" name="toolTipDemo" time="7.217"/>
  <testcase classname="com.test.test_scenarios.TestScenario1" name="validateHomePageLikns" time="0.031"/>
  <testcase classname="com.test.test_scenarios.TestScenario1" name="validateHomePageLikns" time="0.026"/>
  <testcase classname="com.test.test_scenarios.TestScenario1" name="validateHomePageLikns" time="0.025"/>
  <testcase classname="com.test.test_scenarios.TestScenario1" name="validateHomePageLikns" time="0.025"/>
  <testcase classname="com.test.test_scenarios.TestScenario1" name="validateHomePageLikns" time="0.023"/>
  <testcase classname="com.test.test_scenarios.TestScenario1" name="validateHomePageLikns" time="0.025"/>
  <testcase classname="com.test.test_scenarios.TestScenario1" name="validateHomePageLikns" time="0.021"/>
  <testcase classname="com.test.test_scenarios.TestScenario1" name="validateHomePageLikns" time="0.02"/>
  <testcase classname="com.test.test_scenarios.TestScenario1" name="validate_Login" time="4.147"/>
  <testcase classname="com.test.test_scenarios.TestScenario1" name="validate_Login" time="8.232"/>
  <testcase classname="com.test.test_scenarios.TestScenario1" name="validate_Login" time="3.441"/>
  <testcase classname="com.test.test_scenarios.TestScenario1" name="validate_Login" time="7.718"/>
  <testcase classname="com.test.test_scenarios.TestScenario1" name="validate_Login" time="3.584"/>
  <testcase classname="com.test.test_scenarios.TestScenario2" name="validateDatePicker" time="18.177"/>
  <testcase classname="com.test.test_scenarios.TestScenario2" name="validateFileUpload" time="8.075"/>
  <testcase classname="com.test.test_scenarios.TestScenario2" name="validate_HTML_Table" time="0.81"/>
  <testcase classname="com.test.test_scenarios.TestScenario2" name="validated_Drag_Drop" time="2.668"/>
  <testcase classname="com.test.utilities.BaseClass" name="@AfterSuite tearDownSuite" time="0.0">
    <ignored/>
  </testcase> <!-- @AfterSuite tearDownSuite -->
  <testcase classname="com.test.utilities.BaseClass" name="@BeforeSuite setUpSuite" time="0.0">
    <ignored/>
  </testcase> <!-- @BeforeSuite setUpSuite -->
</testsuite> <!-- DemoTests -->
