<?xml version="1.0" encoding="UTF-8"?>
<!-- Generated by org.testng.reporters.JUnitXMLReporter -->
<testsuite ignored="0" hostname="mahis-MacBook-Pro.local" failures="0" tests="4" name="Default test" time="18.011" errors="0" timestamp="2024-07-01T16:55:01 IST">
  <testcase classname="com.test.test_scenarios.TestScenario2" name="validateDatePicker" time="12.316"/>
  <testcase classname="com.test.test_scenarios.TestScenario2" name="validateFileUpload" time="2.474"/>
  <testcase classname="com.test.test_scenarios.TestScenario2" name="validate_HTML_Table" time="0.791"/>
  <testcase classname="com.test.test_scenarios.TestScenario2" name="validated_Drag_Drop" time="2.378"/>
</testsuite> <!-- Default test -->
