<?xml version="1.0" encoding="UTF-8"?>
<testsuite xmlns:xsi="http://www.w3.org/2001/XMLSchema-instance" xsi:noNamespaceSchemaLocation="https://maven.apache.org/surefire/maven-surefire-plugin/xsd/surefire-test-report-3.0.xsd" version="3.0" name="TestSuite" time="54.246" tests="14" errors="0" skipped="0" failures="0">
  <properties>
[...]
</properties>
  <testcase name="loginDemo" classname="com.test.test_scenarios.TestScenario1" time="9.743">
    <system-out><![CDATA[[TestNGContentHandler] [WARN] It is strongly recommended to add "<!DOCTYPE suite SYSTEM "https://testng.org/testng-1.0.dtd" >" at the top of the suite file [/Users/mahi/eclipse-workspace/DemoProject/TestNG.xml] otherwise TestNG may fail or not work as expected.
[TestNG] [WARN] Ignoring duplicate listener : io.qameta.allure.testng.AllureTestNg
[TestNG] [WARN] Ignoring duplicate listener : io.qameta.allure.testng.AllureTestNg
[TestNG] [WARN] Ignoring duplicate listener : io.qameta.allure.testng.AllureTestNg
]]></system-out>
    <system-err><![CDATA[SLF4J(W): No SLF4J providers were found.
SLF4J(W): Defaulting to no-operation (NOP) logger implementation
SLF4J(W): See https://www.slf4j.org/codes.html#noProviders for further details.
]]></system-err>
  </testcase>
  <testcase name="toolTipDemo" classname="com.test.test_scenarios.TestScenario1" time="2.613">
    <system-out><![CDATA[File	flowplayer-3.2.7.zip	
Version	2011-03-03	
Size	112 kB	
OS	all	
]]></system-out>
  </testcase>
  <testcase name="validateHomePageLikns[Insurance Project](1)" classname="com.test.test_scenarios.TestScenario1" time="5.035"/>
  <testcase name="validateHomePageLikns[Agile Project](2)" classname="com.test.test_scenarios.TestScenario1" time="0.021"/>
  <testcase name="validateHomePageLikns[Bank Project](3)" classname="com.test.test_scenarios.TestScenario1" time="0.02"/>
  <testcase name="validateHomePageLikns[Security Project](4)" classname="com.test.test_scenarios.TestScenario1" time="0.018"/>
  <testcase name="validateHomePageLikns[Telecom Project](5)" classname="com.test.test_scenarios.TestScenario1" time="0.017"/>
  <testcase name="validateHomePageLikns[Payment Gateway Project](6)" classname="com.test.test_scenarios.TestScenario1" time="0.017"/>
  <testcase name="validateHomePageLikns[New Tours](7)" classname="com.test.test_scenarios.TestScenario1" time="0.018"/>
  <testcase name="validateHomePageLikns[SEO](8)" classname="com.test.test_scenarios.TestScenario1" time="0.017"/>
  <testcase name="validateDatePicker" classname="com.test.test_scenarios.TestScenario2" time="13.626"/>
  <testcase name="validateFileUpload" classname="com.test.test_scenarios.TestScenario2" time="7.67">
    <system-out><![CDATA[1 file
has been successfully uploaded.
]]></system-out>
  </testcase>
  <testcase name="validate_HTML_Table" classname="com.test.test_scenarios.TestScenario2" time="0.837">
    <system-out><![CDATA[1	2	3	4	5	6	5	6	6	7	8	7	]]></system-out>
  </testcase>
  <testcase name="validated_Drag_Drop" classname="com.test.test_scenarios.TestScenario2" time="2.626">
    <system-out><![CDATA[Perfect!
]]></system-out>
  </testcase>
</testsuite>