<?xml version="1.0" encoding="UTF-8"?>
<!-- Generated by org.testng.reporters.JUnitXMLReporter -->
<testsuite ignored="2" hostname="mahis-MacBook-Pro.local" failures="0" tests="14" name="DemoTests" time="42.53" errors="0" timestamp="2024-07-02T14:03:47 IST">
  <testcase classname="com.test.test_scenarios.TestScenario1" name="loginDemo" time="9.743"/>
  <testcase classname="com.test.test_scenarios.TestScenario1" name="toolTipDemo" time="2.612"/>
  <testcase classname="com.test.test_scenarios.TestScenario1" name="validateHomePageLikns" time="5.035"/>
  <testcase classname="com.test.test_scenarios.TestScenario1" name="validateHomePageLikns" time="0.02"/>
  <testcase classname="com.test.test_scenarios.TestScenario1" name="validateHomePageLikns" time="0.019"/>
  <testcase classname="com.test.test_scenarios.TestScenario1" name="validateHomePageLikns" time="0.019"/>
  <testcase classname="com.test.test_scenarios.TestScenario1" name="validateHomePageLikns" time="0.017"/>
  <testcase classname="com.test.test_scenarios.TestScenario1" name="validateHomePageLikns" time="0.016"/>
  <testcase classname="com.test.test_scenarios.TestScenario1" name="validateHomePageLikns" time="0.018"/>
  <testcase classname="com.test.test_scenarios.TestScenario1" name="validateHomePageLikns" time="0.017"/>
  <testcase classname="com.test.test_scenarios.TestScenario2" name="validateDatePicker" time="13.625"/>
  <testcase classname="com.test.test_scenarios.TestScenario2" name="validateFileUpload" time="7.67"/>
  <testcase classname="com.test.test_scenarios.TestScenario2" name="validate_HTML_Table" time="0.837"/>
  <testcase classname="com.test.test_scenarios.TestScenario2" name="validated_Drag_Drop" time="2.626"/>
  <testcase classname="com.test.utilities.BaseClass" name="@AfterSuite tearDownSuite" time="0.0">
    <ignored/>
  </testcase> <!-- @AfterSuite tearDownSuite -->
  <testcase classname="com.test.utilities.BaseClass" name="@BeforeSuite setUpSuite" time="0.0">
    <ignored/>
  </testcase> <!-- @BeforeSuite setUpSuite -->
</testsuite> <!-- DemoTests -->
